<?xml version="1.0" encoding="UTF-8"?>
<!-- Generated by org.testng.reporters.JUnitReportReporter -->
<testsuite hostname="ANPL393" failures="0" tests="1" name="testCases.CancelBill" time="54.005" errors="0" timestamp="2024-07-05T15:50:31 IST" skipped="0">
  <testcase classname="testCases.CancelBill" name="termChangeTest" time="54.005"/>
</testsuite> <!-- testCases.CancelBill -->
