<?xml version="1.0" encoding="UTF-8"?>
<!-- Generated by org.testng.reporters.JUnitReportReporter -->
<testsuite hostname="ANPL393" failures="0" tests="1" name="testCases.TermChangePopUp" time="65.715" errors="0" timestamp="2024-07-04T12:38:24 IST" skipped="0">
  <testcase classname="testCases.TermChangePopUp" name="termChangeTest" time="65.715"/>
</testsuite> <!-- testCases.TermChangePopUp -->
