<?xml version="1.0" encoding="UTF-8"?>
<!-- Generated by org.testng.reporters.JUnitReportReporter -->
<testsuite hostname="ANPL393" failures="0" tests="1" name="testCases.ViewBill" time="15.402" errors="0" timestamp="2024-07-02T17:56:34 IST" skipped="0">
  <testcase classname="testCases.ViewBill" name="termChangeTest" time="15.402"/>
</testsuite> <!-- testCases.ViewBill -->
